<?xml version="1.0" encoding="UTF-8"?>
<!-- Generated by org.testng.reporters.JUnitReportReporter -->
<testsuite hostname="LAPTOP-9MMV66BJ" failures="0" tests="1" name="BillingTestCases.TestCases" time="33.757" errors="0" timestamp="2022-09-07T00:21:28 IST" skipped="0">
  <testcase classname="BillingTestCases.TestCases" name="TC24BillingDeleteUser" time="33.757"/>
  <system-out/>
</testsuite> <!-- BillingTestCases.TestCases -->
