<?xml version="1.0" encoding="UTF-8"?>
<!-- Generated by org.testng.reporters.JUnitReportReporter -->
<testsuite hostname="LAPTOP-9MMV66BJ" failures="0" tests="1" name="BillingTestCases.TestCases" time="28.279" errors="0" timestamp="2022-09-06T00:00:54 IST" skipped="0">
  <testcase classname="BillingTestCases.TestCases" name="TC27BillingAddInvoiceSettings" time="28.279"/>
  <system-out/>
</testsuite> <!-- BillingTestCases.TestCases -->
